The system is: Linux - 5.4.0-100-generic - x86_64
Compiling the C compiler identification source file "CMakeCCompilerId.c" succeeded.
Compiler: /usr/bin/cc 
Build flags: 
Id flags:  

The output was:
0


Compilation of the C compiler identification source "CMakeCCompilerId.c" produced "a.out"

The C compiler identification is GNU, found in "/home/anreydron/CLionProjects/prj/nlopt-2.7.1/bin/CMakeFiles/3.20.0/CompilerIdC/a.out"

Compiling the CXX compiler identification source file "CMakeCXXCompilerId.cpp" succeeded.
Compiler: /usr/bin/c++ 
Build flags: 
Id flags:  

The output was:
0


Compilation of the CXX compiler identification source "CMakeCXXCompilerId.cpp" produced "a.out"

The CXX compiler identification is GNU, found in "/home/anreydron/CLionProjects/prj/nlopt-2.7.1/bin/CMakeFiles/3.20.0/CompilerIdCXX/a.out"

Detecting C compiler ABI info compiled with the following output:
Change Dir: /home/anreydron/CLionProjects/prj/nlopt-2.7.1/bin/CMakeFiles/CMakeTmp

Run Build Command(s):/usr/bin/make -f Makefile cmTC_dafcb/fast && /usr/bin/make  -f CMakeFiles/cmTC_dafcb.dir/build.make CMakeFiles/cmTC_dafcb.dir/build
make[1]: Entering directory '/home/anreydron/CLionProjects/prj/nlopt-2.7.1/bin/CMakeFiles/CMakeTmp'
Building C object CMakeFiles/cmTC_dafcb.dir/CMakeCCompilerABI.c.o
/usr/bin/cc   -v -o CMakeFiles/cmTC_dafcb.dir/CMakeCCompilerABI.c.o -c /usr/local/share/cmake-3.20/Modules/CMakeCCompilerABI.c
Using built-in specs.
COLLECT_GCC=/usr/bin/cc
Target: x86_64-linux-gnu
Configured with: ../src/configure -v --with-pkgversion='Ubuntu 5.5.0-12ubuntu1' --with-bugurl=file:///usr/share/doc/gcc-5/README.Bugs --enable-languages=c,ada,c++,go,d,fortran,objc,obj-c++ --prefix=/usr --program-suffix=-5 --enable-shared --enable-linker-build-id --libexecdir=/usr/lib --without-included-gettext --enable-threads=posix --libdir=/usr/lib --enable-nls --with-sysroot=/ --enable-clocale=gnu --enable-libstdcxx-debug --enable-libstdcxx-time=yes --with-default-libstdcxx-abi=new --enable-gnu-unique-object --disable-vtable-verify --enable-libmpx --enable-plugin --enable-default-pie --with-system-zlib --enable-objc-gc --enable-multiarch --disable-werror --with-arch-32=i686 --with-abi=m64 --with-multilib-list=m32,m64,mx32 --enable-multilib --with-tune=generic --enable-checking=release --build=x86_64-linux-gnu --host=x86_64-linux-gnu --target=x86_64-linux-gnu
Thread model: posix
gcc version 5.5.0 20171010 (Ubuntu 5.5.0-12ubuntu1) 
COLLECT_GCC_OPTIONS='-v' '-o' 'CMakeFiles/cmTC_dafcb.dir/CMakeCCompilerABI.c.o' '-c' '-mtune=generic' '-march=x86-64'
 /usr/lib/gcc/x86_64-linux-gnu/5/cc1 -quiet -v -imultiarch x86_64-linux-gnu /usr/local/share/cmake-3.20/Modules/CMakeCCompilerABI.c -quiet -dumpbase CMakeCCompilerABI.c -mtune=generic -march=x86-64 -auxbase-strip CMakeFiles/cmTC_dafcb.dir/CMakeCCompilerABI.c.o -version -fstack-protector-strong -Wformat -Wformat-security -o /tmp/ccG1m740.s
GNU C11 (Ubuntu 5.5.0-12ubuntu1) version 5.5.0 20171010 (x86_64-linux-gnu)
	compiled by GNU C version 5.5.0 20171010, GMP version 6.1.2, MPFR version 4.0.1, MPC version 1.1.0
GGC heuristics: --param ggc-min-expand=100 --param ggc-min-heapsize=131072
ignoring nonexistent directory "/usr/local/include/x86_64-linux-gnu"
ignoring nonexistent directory "/usr/lib/gcc/x86_64-linux-gnu/5/../../../../x86_64-linux-gnu/include"
#include "..." search starts here:
#include <...> search starts here:
 /usr/lib/gcc/x86_64-linux-gnu/5/include
 /usr/local/include
 /usr/lib/gcc/x86_64-linux-gnu/5/include-fixed
 /usr/include/x86_64-linux-gnu
 /usr/include
End of search list.
GNU C11 (Ubuntu 5.5.0-12ubuntu1) version 5.5.0 20171010 (x86_64-linux-gnu)
	compiled by GNU C version 5.5.0 20171010, GMP version 6.1.2, MPFR version 4.0.1, MPC version 1.1.0
GGC heuristics: --param ggc-min-expand=100 --param ggc-min-heapsize=131072
Compiler executable checksum: 01e8a6319f5844c2da00558c5054f341
COLLECT_GCC_OPTIONS='-v' '-o' 'CMakeFiles/cmTC_dafcb.dir/CMakeCCompilerABI.c.o' '-c' '-mtune=generic' '-march=x86-64'
 as -v --64 -o CMakeFiles/cmTC_dafcb.dir/CMakeCCompilerABI.c.o /tmp/ccG1m740.s
GNU assembler version 2.30 (x86_64-linux-gnu) using BFD version (GNU Binutils for Ubuntu) 2.30
COMPILER_PATH=/usr/lib/gcc/x86_64-linux-gnu/5/:/usr/lib/gcc/x86_64-linux-gnu/5/:/usr/lib/gcc/x86_64-linux-gnu/:/usr/lib/gcc/x86_64-linux-gnu/5/:/usr/lib/gcc/x86_64-linux-gnu/
LIBRARY_PATH=/usr/lib/gcc/x86_64-linux-gnu/5/:/usr/lib/gcc/x86_64-linux-gnu/5/../../../x86_64-linux-gnu/:/usr/lib/gcc/x86_64-linux-gnu/5/../../../../lib/:/lib/x86_64-linux-gnu/:/lib/../lib/:/usr/lib/x86_64-linux-gnu/:/usr/lib/../lib/:/usr/lib/gcc/x86_64-linux-gnu/5/../../../:/lib/:/usr/lib/
COLLECT_GCC_OPTIONS='-v' '-o' 'CMakeFiles/cmTC_dafcb.dir/CMakeCCompilerABI.c.o' '-c' '-mtune=generic' '-march=x86-64'
Linking C executable cmTC_dafcb
/usr/local/bin/cmake -E cmake_link_script CMakeFiles/cmTC_dafcb.dir/link.txt --verbose=1
/usr/bin/cc  -v -rdynamic CMakeFiles/cmTC_dafcb.dir/CMakeCCompilerABI.c.o -o cmTC_dafcb 
Using built-in specs.
COLLECT_GCC=/usr/bin/cc
COLLECT_LTO_WRAPPER=/usr/lib/gcc/x86_64-linux-gnu/5/lto-wrapper
Target: x86_64-linux-gnu
Configured with: ../src/configure -v --with-pkgversion='Ubuntu 5.5.0-12ubuntu1' --with-bugurl=file:///usr/share/doc/gcc-5/README.Bugs --enable-languages=c,ada,c++,go,d,fortran,objc,obj-c++ --prefix=/usr --program-suffix=-5 --enable-shared --enable-linker-build-id --libexecdir=/usr/lib --without-included-gettext --enable-threads=posix --libdir=/usr/lib --enable-nls --with-sysroot=/ --enable-clocale=gnu --enable-libstdcxx-debug --enable-libstdcxx-time=yes --with-default-libstdcxx-abi=new --enable-gnu-unique-object --disable-vtable-verify --enable-libmpx --enable-plugin --enable-default-pie --with-system-zlib --enable-objc-gc --enable-multiarch --disable-werror --with-arch-32=i686 --with-abi=m64 --with-multilib-list=m32,m64,mx32 --enable-multilib --with-tune=generic --enable-checking=release --build=x86_64-linux-gnu --host=x86_64-linux-gnu --target=x86_64-linux-gnu
Thread model: posix
gcc version 5.5.0 20171010 (Ubuntu 5.5.0-12ubuntu1) 
COMPILER_PATH=/usr/lib/gcc/x86_64-linux-gnu/5/:/usr/lib/gcc/x86_64-linux-gnu/5/:/usr/lib/gcc/x86_64-linux-gnu/:/usr/lib/gcc/x86_64-linux-gnu/5/:/usr/lib/gcc/x86_64-linux-gnu/
LIBRARY_PATH=/usr/lib/gcc/x86_64-linux-gnu/5/:/usr/lib/gcc/x86_64-linux-gnu/5/../../../x86_64-linux-gnu/:/usr/lib/gcc/x86_64-linux-gnu/5/../../../../lib/:/lib/x86_64-linux-gnu/:/lib/../lib/:/usr/lib/x86_64-linux-gnu/:/usr/lib/../lib/:/usr/lib/gcc/x86_64-linux-gnu/5/../../../:/lib/:/usr/lib/
COLLECT_GCC_OPTIONS='-v' '-rdynamic' '-o' 'cmTC_dafcb' '-mtune=generic' '-march=x86-64'
 /usr/lib/gcc/x86_64-linux-gnu/5/collect2 -plugin /usr/lib/gcc/x86_64-linux-gnu/5/liblto_plugin.so -plugin-opt=/usr/lib/gcc/x86_64-linux-gnu/5/lto-wrapper -plugin-opt=-fresolution=/tmp/ccxAVAg0.res -plugin-opt=-pass-through=-lgcc -plugin-opt=-pass-through=-lgcc_s -plugin-opt=-pass-through=-lc -plugin-opt=-pass-through=-lgcc -plugin-opt=-pass-through=-lgcc_s --sysroot=/ --build-id --eh-frame-hdr -m elf_x86_64 --hash-style=gnu --as-needed -export-dynamic -dynamic-linker /lib64/ld-linux-x86-64.so.2 -pie -z now -z relro -o cmTC_dafcb /usr/lib/gcc/x86_64-linux-gnu/5/../../../x86_64-linux-gnu/Scrt1.o /usr/lib/gcc/x86_64-linux-gnu/5/../../../x86_64-linux-gnu/crti.o /usr/lib/gcc/x86_64-linux-gnu/5/crtbeginS.o -L/usr/lib/gcc/x86_64-linux-gnu/5 -L/usr/lib/gcc/x86_64-linux-gnu/5/../../../x86_64-linux-gnu -L/usr/lib/gcc/x86_64-linux-gnu/5/../../../../lib -L/lib/x86_64-linux-gnu -L/lib/../lib -L/usr/lib/x86_64-linux-gnu -L/usr/lib/../lib -L/usr/lib/gcc/x86_64-linux-gnu/5/../../.. CMakeFiles/cmTC_dafcb.dir/CMakeCCompilerABI.c.o -lgcc --push-state --as-needed -lgcc_s --pop-state -lc -lgcc --push-state --as-needed -lgcc_s --pop-state /usr/lib/gcc/x86_64-linux-gnu/5/crtend.o /usr/lib/gcc/x86_64-linux-gnu/5/../../../x86_64-linux-gnu/crtn.o
make[1]: Leaving directory '/home/anreydron/CLionProjects/prj/nlopt-2.7.1/bin/CMakeFiles/CMakeTmp'



Parsed C implicit include dir info from above output: rv=done
  found start of include info
  found start of implicit include info
    add: [/usr/lib/gcc/x86_64-linux-gnu/5/include]
    add: [/usr/local/include]
    add: [/usr/lib/gcc/x86_64-linux-gnu/5/include-fixed]
    add: [/usr/include/x86_64-linux-gnu]
    add: [/usr/include]
  end of search list found
  collapse include dir [/usr/lib/gcc/x86_64-linux-gnu/5/include] ==> [/usr/lib/gcc/x86_64-linux-gnu/5/include]
  collapse include dir [/usr/local/include] ==> [/usr/local/include]
  collapse include dir [/usr/lib/gcc/x86_64-linux-gnu/5/include-fixed] ==> [/usr/lib/gcc/x86_64-linux-gnu/5/include-fixed]
  collapse include dir [/usr/include/x86_64-linux-gnu] ==> [/usr/include/x86_64-linux-gnu]
  collapse include dir [/usr/include] ==> [/usr/include]
  implicit include dirs: [/usr/lib/gcc/x86_64-linux-gnu/5/include;/usr/local/include;/usr/lib/gcc/x86_64-linux-gnu/5/include-fixed;/usr/include/x86_64-linux-gnu;/usr/include]


Parsed C implicit link information from above output:
  link line regex: [^( *|.*[/\])(ld|CMAKE_LINK_STARTFILE-NOTFOUND|([^/\]+-)?ld|collect2)[^/\]*( |$)]
  ignore line: [Change Dir: /home/anreydron/CLionProjects/prj/nlopt-2.7.1/bin/CMakeFiles/CMakeTmp]
  ignore line: []
  ignore line: [Run Build Command(s):/usr/bin/make -f Makefile cmTC_dafcb/fast && /usr/bin/make  -f CMakeFiles/cmTC_dafcb.dir/build.make CMakeFiles/cmTC_dafcb.dir/build]
  ignore line: [make[1]: Entering directory '/home/anreydron/CLionProjects/prj/nlopt-2.7.1/bin/CMakeFiles/CMakeTmp']
  ignore line: [Building C object CMakeFiles/cmTC_dafcb.dir/CMakeCCompilerABI.c.o]
  ignore line: [/usr/bin/cc   -v -o CMakeFiles/cmTC_dafcb.dir/CMakeCCompilerABI.c.o -c /usr/local/share/cmake-3.20/Modules/CMakeCCompilerABI.c]
  ignore line: [Using built-in specs.]
  ignore line: [COLLECT_GCC=/usr/bin/cc]
  ignore line: [Target: x86_64-linux-gnu]
  ignore line: [Configured with: ../src/configure -v --with-pkgversion='Ubuntu 5.5.0-12ubuntu1' --with-bugurl=file:///usr/share/doc/gcc-5/README.Bugs --enable-languages=c ada c++ go d fortran objc obj-c++ --prefix=/usr --program-suffix=-5 --enable-shared --enable-linker-build-id --libexecdir=/usr/lib --without-included-gettext --enable-threads=posix --libdir=/usr/lib --enable-nls --with-sysroot=/ --enable-clocale=gnu --enable-libstdcxx-debug --enable-libstdcxx-time=yes --with-default-libstdcxx-abi=new --enable-gnu-unique-object --disable-vtable-verify --enable-libmpx --enable-plugin --enable-default-pie --with-system-zlib --enable-objc-gc --enable-multiarch --disable-werror --with-arch-32=i686 --with-abi=m64 --with-multilib-list=m32 m64 mx32 --enable-multilib --with-tune=generic --enable-checking=release --build=x86_64-linux-gnu --host=x86_64-linux-gnu --target=x86_64-linux-gnu]
  ignore line: [Thread model: posix]
  ignore line: [gcc version 5.5.0 20171010 (Ubuntu 5.5.0-12ubuntu1) ]
  ignore line: [COLLECT_GCC_OPTIONS='-v' '-o' 'CMakeFiles/cmTC_dafcb.dir/CMakeCCompilerABI.c.o' '-c' '-mtune=generic' '-march=x86-64']
  ignore line: [ /usr/lib/gcc/x86_64-linux-gnu/5/cc1 -quiet -v -imultiarch x86_64-linux-gnu /usr/local/share/cmake-3.20/Modules/CMakeCCompilerABI.c -quiet -dumpbase CMakeCCompilerABI.c -mtune=generic -march=x86-64 -auxbase-strip CMakeFiles/cmTC_dafcb.dir/CMakeCCompilerABI.c.o -version -fstack-protector-strong -Wformat -Wformat-security -o /tmp/ccG1m740.s]
  ignore line: [GNU C11 (Ubuntu 5.5.0-12ubuntu1) version 5.5.0 20171010 (x86_64-linux-gnu)]
  ignore line: [	compiled by GNU C version 5.5.0 20171010  GMP version 6.1.2  MPFR version 4.0.1  MPC version 1.1.0]
  ignore line: [GGC heuristics: --param ggc-min-expand=100 --param ggc-min-heapsize=131072]
  ignore line: [ignoring nonexistent directory "/usr/local/include/x86_64-linux-gnu"]
  ignore line: [ignoring nonexistent directory "/usr/lib/gcc/x86_64-linux-gnu/5/../../../../x86_64-linux-gnu/include"]
  ignore line: [#include "..." search starts here:]
  ignore line: [#include <...> search starts here:]
  ignore line: [ /usr/lib/gcc/x86_64-linux-gnu/5/include]
  ignore line: [ /usr/local/include]
  ignore line: [ /usr/lib/gcc/x86_64-linux-gnu/5/include-fixed]
  ignore line: [ /usr/include/x86_64-linux-gnu]
  ignore line: [ /usr/include]
  ignore line: [End of search list.]
  ignore line: [GNU C11 (Ubuntu 5.5.0-12ubuntu1) version 5.5.0 20171010 (x86_64-linux-gnu)]
  ignore line: [	compiled by GNU C version 5.5.0 20171010  GMP version 6.1.2  MPFR version 4.0.1  MPC version 1.1.0]
  ignore line: [GGC heuristics: --param ggc-min-expand=100 --param ggc-min-heapsize=131072]
  ignore line: [Compiler executable checksum: 01e8a6319f5844c2da00558c5054f341]
  ignore line: [COLLECT_GCC_OPTIONS='-v' '-o' 'CMakeFiles/cmTC_dafcb.dir/CMakeCCompilerABI.c.o' '-c' '-mtune=generic' '-march=x86-64']
  ignore line: [ as -v --64 -o CMakeFiles/cmTC_dafcb.dir/CMakeCCompilerABI.c.o /tmp/ccG1m740.s]
  ignore line: [GNU assembler version 2.30 (x86_64-linux-gnu) using BFD version (GNU Binutils for Ubuntu) 2.30]
  ignore line: [COMPILER_PATH=/usr/lib/gcc/x86_64-linux-gnu/5/:/usr/lib/gcc/x86_64-linux-gnu/5/:/usr/lib/gcc/x86_64-linux-gnu/:/usr/lib/gcc/x86_64-linux-gnu/5/:/usr/lib/gcc/x86_64-linux-gnu/]
  ignore line: [LIBRARY_PATH=/usr/lib/gcc/x86_64-linux-gnu/5/:/usr/lib/gcc/x86_64-linux-gnu/5/../../../x86_64-linux-gnu/:/usr/lib/gcc/x86_64-linux-gnu/5/../../../../lib/:/lib/x86_64-linux-gnu/:/lib/../lib/:/usr/lib/x86_64-linux-gnu/:/usr/lib/../lib/:/usr/lib/gcc/x86_64-linux-gnu/5/../../../:/lib/:/usr/lib/]
  ignore line: [COLLECT_GCC_OPTIONS='-v' '-o' 'CMakeFiles/cmTC_dafcb.dir/CMakeCCompilerABI.c.o' '-c' '-mtune=generic' '-march=x86-64']
  ignore line: [Linking C executable cmTC_dafcb]
  ignore line: [/usr/local/bin/cmake -E cmake_link_script CMakeFiles/cmTC_dafcb.dir/link.txt --verbose=1]
  ignore line: [/usr/bin/cc  -v -rdynamic CMakeFiles/cmTC_dafcb.dir/CMakeCCompilerABI.c.o -o cmTC_dafcb ]
  ignore line: [Using built-in specs.]
  ignore line: [COLLECT_GCC=/usr/bin/cc]
  ignore line: [COLLECT_LTO_WRAPPER=/usr/lib/gcc/x86_64-linux-gnu/5/lto-wrapper]
  ignore line: [Target: x86_64-linux-gnu]
  ignore line: [Configured with: ../src/configure -v --with-pkgversion='Ubuntu 5.5.0-12ubuntu1' --with-bugurl=file:///usr/share/doc/gcc-5/README.Bugs --enable-languages=c ada c++ go d fortran objc obj-c++ --prefix=/usr --program-suffix=-5 --enable-shared --enable-linker-build-id --libexecdir=/usr/lib --without-included-gettext --enable-threads=posix --libdir=/usr/lib --enable-nls --with-sysroot=/ --enable-clocale=gnu --enable-libstdcxx-debug --enable-libstdcxx-time=yes --with-default-libstdcxx-abi=new --enable-gnu-unique-object --disable-vtable-verify --enable-libmpx --enable-plugin --enable-default-pie --with-system-zlib --enable-objc-gc --enable-multiarch --disable-werror --with-arch-32=i686 --with-abi=m64 --with-multilib-list=m32 m64 mx32 --enable-multilib --with-tune=generic --enable-checking=release --build=x86_64-linux-gnu --host=x86_64-linux-gnu --target=x86_64-linux-gnu]
  ignore line: [Thread model: posix]
  ignore line: [gcc version 5.5.0 20171010 (Ubuntu 5.5.0-12ubuntu1) ]
  ignore line: [COMPILER_PATH=/usr/lib/gcc/x86_64-linux-gnu/5/:/usr/lib/gcc/x86_64-linux-gnu/5/:/usr/lib/gcc/x86_64-linux-gnu/:/usr/lib/gcc/x86_64-linux-gnu/5/:/usr/lib/gcc/x86_64-linux-gnu/]
  ignore line: [LIBRARY_PATH=/usr/lib/gcc/x86_64-linux-gnu/5/:/usr/lib/gcc/x86_64-linux-gnu/5/../../../x86_64-linux-gnu/:/usr/lib/gcc/x86_64-linux-gnu/5/../../../../lib/:/lib/x86_64-linux-gnu/:/lib/../lib/:/usr/lib/x86_64-linux-gnu/:/usr/lib/../lib/:/usr/lib/gcc/x86_64-linux-gnu/5/../../../:/lib/:/usr/lib/]
  ignore line: [COLLECT_GCC_OPTIONS='-v' '-rdynamic' '-o' 'cmTC_dafcb' '-mtune=generic' '-march=x86-64']
  link line: [ /usr/lib/gcc/x86_64-linux-gnu/5/collect2 -plugin /usr/lib/gcc/x86_64-linux-gnu/5/liblto_plugin.so -plugin-opt=/usr/lib/gcc/x86_64-linux-gnu/5/lto-wrapper -plugin-opt=-fresolution=/tmp/ccxAVAg0.res -plugin-opt=-pass-through=-lgcc -plugin-opt=-pass-through=-lgcc_s -plugin-opt=-pass-through=-lc -plugin-opt=-pass-through=-lgcc -plugin-opt=-pass-through=-lgcc_s --sysroot=/ --build-id --eh-frame-hdr -m elf_x86_64 --hash-style=gnu --as-needed -export-dynamic -dynamic-linker /lib64/ld-linux-x86-64.so.2 -pie -z now -z relro -o cmTC_dafcb /usr/lib/gcc/x86_64-linux-gnu/5/../../../x86_64-linux-gnu/Scrt1.o /usr/lib/gcc/x86_64-linux-gnu/5/../../../x86_64-linux-gnu/crti.o /usr/lib/gcc/x86_64-linux-gnu/5/crtbeginS.o -L/usr/lib/gcc/x86_64-linux-gnu/5 -L/usr/lib/gcc/x86_64-linux-gnu/5/../../../x86_64-linux-gnu -L/usr/lib/gcc/x86_64-linux-gnu/5/../../../../lib -L/lib/x86_64-linux-gnu -L/lib/../lib -L/usr/lib/x86_64-linux-gnu -L/usr/lib/../lib -L/usr/lib/gcc/x86_64-linux-gnu/5/../../.. CMakeFiles/cmTC_dafcb.dir/CMakeCCompilerABI.c.o -lgcc --push-state --as-needed -lgcc_s --pop-state -lc -lgcc --push-state --as-needed -lgcc_s --pop-state /usr/lib/gcc/x86_64-linux-gnu/5/crtend.o /usr/lib/gcc/x86_64-linux-gnu/5/../../../x86_64-linux-gnu/crtn.o]
    arg [/usr/lib/gcc/x86_64-linux-gnu/5/collect2] ==> ignore
    arg [-plugin] ==> ignore
    arg [/usr/lib/gcc/x86_64-linux-gnu/5/liblto_plugin.so] ==> ignore
    arg [-plugin-opt=/usr/lib/gcc/x86_64-linux-gnu/5/lto-wrapper] ==> ignore
    arg [-plugin-opt=-fresolution=/tmp/ccxAVAg0.res] ==> ignore
    arg [-plugin-opt=-pass-through=-lgcc] ==> ignore
    arg [-plugin-opt=-pass-through=-lgcc_s] ==> ignore
    arg [-plugin-opt=-pass-through=-lc] ==> ignore
    arg [-plugin-opt=-pass-through=-lgcc] ==> ignore
    arg [-plugin-opt=-pass-through=-lgcc_s] ==> ignore
    arg [--sysroot=/] ==> ignore
    arg [--build-id] ==> ignore
    arg [--eh-frame-hdr] ==> ignore
    arg [-m] ==> ignore
    arg [elf_x86_64] ==> ignore
    arg [--hash-style=gnu] ==> ignore
    arg [--as-needed] ==> ignore
    arg [-export-dynamic] ==> ignore
    arg [-dynamic-linker] ==> ignore
    arg [/lib64/ld-linux-x86-64.so.2] ==> ignore
    arg [-pie] ==> ignore
    arg [-znow] ==> ignore
    arg [-zrelro] ==> ignore
    arg [-o] ==> ignore
    arg [cmTC_dafcb] ==> ignore
    arg [/usr/lib/gcc/x86_64-linux-gnu/5/../../../x86_64-linux-gnu/Scrt1.o] ==> ignore
    arg [/usr/lib/gcc/x86_64-linux-gnu/5/../../../x86_64-linux-gnu/crti.o] ==> ignore
    arg [/usr/lib/gcc/x86_64-linux-gnu/5/crtbeginS.o] ==> ignore
    arg [-L/usr/lib/gcc/x86_64-linux-gnu/5] ==> dir [/usr/lib/gcc/x86_64-linux-gnu/5]
    arg [-L/usr/lib/gcc/x86_64-linux-gnu/5/../../../x86_64-linux-gnu] ==> dir [/usr/lib/gcc/x86_64-linux-gnu/5/../../../x86_64-linux-gnu]
    arg [-L/usr/lib/gcc/x86_64-linux-gnu/5/../../../../lib] ==> dir [/usr/lib/gcc/x86_64-linux-gnu/5/../../../../lib]
    arg [-L/lib/x86_64-linux-gnu] ==> dir [/lib/x86_64-linux-gnu]
    arg [-L/lib/../lib] ==> dir [/lib/../lib]
    arg [-L/usr/lib/x86_64-linux-gnu] ==> dir [/usr/lib/x86_64-linux-gnu]
    arg [-L/usr/lib/../lib] ==> dir [/usr/lib/../lib]
    arg [-L/usr/lib/gcc/x86_64-linux-gnu/5/../../..] ==> dir [/usr/lib/gcc/x86_64-linux-gnu/5/../../..]
    arg [CMakeFiles/cmTC_dafcb.dir/CMakeCCompilerABI.c.o] ==> ignore
    arg [-lgcc] ==> lib [gcc]
    arg [--push-state] ==> ignore
    arg [--as-needed] ==> ignore
    arg [-lgcc_s] ==> lib [gcc_s]
    arg [--pop-state] ==> ignore
    arg [-lc] ==> lib [c]
    arg [-lgcc] ==> lib [gcc]
    arg [--push-state] ==> ignore
    arg [--as-needed] ==> ignore
    arg [-lgcc_s] ==> lib [gcc_s]
    arg [--pop-state] ==> ignore
    arg [/usr/lib/gcc/x86_64-linux-gnu/5/crtend.o] ==> ignore
    arg [/usr/lib/gcc/x86_64-linux-gnu/5/../../../x86_64-linux-gnu/crtn.o] ==> ignore
  collapse library dir [/usr/lib/gcc/x86_64-linux-gnu/5] ==> [/usr/lib/gcc/x86_64-linux-gnu/5]
  collapse library dir [/usr/lib/gcc/x86_64-linux-gnu/5/../../../x86_64-linux-gnu] ==> [/usr/lib/x86_64-linux-gnu]
  collapse library dir [/usr/lib/gcc/x86_64-linux-gnu/5/../../../../lib] ==> [/usr/lib]
  collapse library dir [/lib/x86_64-linux-gnu] ==> [/lib/x86_64-linux-gnu]
  collapse library dir [/lib/../lib] ==> [/lib]
  collapse library dir [/usr/lib/x86_64-linux-gnu] ==> [/usr/lib/x86_64-linux-gnu]
  collapse library dir [/usr/lib/../lib] ==> [/usr/lib]
  collapse library dir [/usr/lib/gcc/x86_64-linux-gnu/5/../../..] ==> [/usr/lib]
  implicit libs: [gcc;gcc_s;c;gcc;gcc_s]
  implicit dirs: [/usr/lib/gcc/x86_64-linux-gnu/5;/usr/lib/x86_64-linux-gnu;/usr/lib;/lib/x86_64-linux-gnu;/lib]
  implicit fwks: []


Detecting CXX compiler ABI info compiled with the following output:
Change Dir: /home/anreydron/CLionProjects/prj/nlopt-2.7.1/bin/CMakeFiles/CMakeTmp

Run Build Command(s):/usr/bin/make -f Makefile cmTC_c2f66/fast && /usr/bin/make  -f CMakeFiles/cmTC_c2f66.dir/build.make CMakeFiles/cmTC_c2f66.dir/build
make[1]: Entering directory '/home/anreydron/CLionProjects/prj/nlopt-2.7.1/bin/CMakeFiles/CMakeTmp'
Building CXX object CMakeFiles/cmTC_c2f66.dir/CMakeCXXCompilerABI.cpp.o
/usr/bin/c++   -v -o CMakeFiles/cmTC_c2f66.dir/CMakeCXXCompilerABI.cpp.o -c /usr/local/share/cmake-3.20/Modules/CMakeCXXCompilerABI.cpp
Using built-in specs.
COLLECT_GCC=/usr/bin/c++
Target: x86_64-linux-gnu
Configured with: ../src/configure -v --with-pkgversion='Ubuntu 5.5.0-12ubuntu1' --with-bugurl=file:///usr/share/doc/gcc-5/README.Bugs --enable-languages=c,ada,c++,go,d,fortran,objc,obj-c++ --prefix=/usr --program-suffix=-5 --enable-shared --enable-linker-build-id --libexecdir=/usr/lib --without-included-gettext --enable-threads=posix --libdir=/usr/lib --enable-nls --with-sysroot=/ --enable-clocale=gnu --enable-libstdcxx-debug --enable-libstdcxx-time=yes --with-default-libstdcxx-abi=new --enable-gnu-unique-object --disable-vtable-verify --enable-libmpx --enable-plugin --enable-default-pie --with-system-zlib --enable-objc-gc --enable-multiarch --disable-werror --with-arch-32=i686 --with-abi=m64 --with-multilib-list=m32,m64,mx32 --enable-multilib --with-tune=generic --enable-checking=release --build=x86_64-linux-gnu --host=x86_64-linux-gnu --target=x86_64-linux-gnu
Thread model: posix
gcc version 5.5.0 20171010 (Ubuntu 5.5.0-12ubuntu1) 
COLLECT_GCC_OPTIONS='-v' '-o' 'CMakeFiles/cmTC_c2f66.dir/CMakeCXXCompilerABI.cpp.o' '-c' '-shared-libgcc' '-mtune=generic' '-march=x86-64'
 /usr/lib/gcc/x86_64-linux-gnu/5/cc1plus -quiet -v -imultiarch x86_64-linux-gnu -D_GNU_SOURCE /usr/local/share/cmake-3.20/Modules/CMakeCXXCompilerABI.cpp -quiet -dumpbase CMakeCXXCompilerABI.cpp -mtune=generic -march=x86-64 -auxbase-strip CMakeFiles/cmTC_c2f66.dir/CMakeCXXCompilerABI.cpp.o -version -fstack-protector-strong -Wformat -Wformat-security -o /tmp/ccBqNHR2.s
GNU C++ (Ubuntu 5.5.0-12ubuntu1) version 5.5.0 20171010 (x86_64-linux-gnu)
	compiled by GNU C version 5.5.0 20171010, GMP version 6.1.2, MPFR version 4.0.1, MPC version 1.1.0
GGC heuristics: --param ggc-min-expand=100 --param ggc-min-heapsize=131072
ignoring duplicate directory "/usr/include/x86_64-linux-gnu/c++/5"
ignoring nonexistent directory "/usr/local/include/x86_64-linux-gnu"
ignoring nonexistent directory "/usr/lib/gcc/x86_64-linux-gnu/5/../../../../x86_64-linux-gnu/include"
#include "..." search starts here:
#include <...> search starts here:
 /usr/include/c++/5
 /usr/include/x86_64-linux-gnu/c++/5
 /usr/include/c++/5/backward
 /usr/lib/gcc/x86_64-linux-gnu/5/include
 /usr/local/include
 /usr/lib/gcc/x86_64-linux-gnu/5/include-fixed
 /usr/include/x86_64-linux-gnu
 /usr/include
End of search list.
GNU C++ (Ubuntu 5.5.0-12ubuntu1) version 5.5.0 20171010 (x86_64-linux-gnu)
	compiled by GNU C version 5.5.0 20171010, GMP version 6.1.2, MPFR version 4.0.1, MPC version 1.1.0
GGC heuristics: --param ggc-min-expand=100 --param ggc-min-heapsize=131072
Compiler executable checksum: 7502860693407ccc98d9842871193560
COLLECT_GCC_OPTIONS='-v' '-o' 'CMakeFiles/cmTC_c2f66.dir/CMakeCXXCompilerABI.cpp.o' '-c' '-shared-libgcc' '-mtune=generic' '-march=x86-64'
 as -v --64 -o CMakeFiles/cmTC_c2f66.dir/CMakeCXXCompilerABI.cpp.o /tmp/ccBqNHR2.s
GNU assembler version 2.30 (x86_64-linux-gnu) using BFD version (GNU Binutils for Ubuntu) 2.30
COMPILER_PATH=/usr/lib/gcc/x86_64-linux-gnu/5/:/usr/lib/gcc/x86_64-linux-gnu/5/:/usr/lib/gcc/x86_64-linux-gnu/:/usr/lib/gcc/x86_64-linux-gnu/5/:/usr/lib/gcc/x86_64-linux-gnu/
LIBRARY_PATH=/usr/lib/gcc/x86_64-linux-gnu/5/:/usr/lib/gcc/x86_64-linux-gnu/5/../../../x86_64-linux-gnu/:/usr/lib/gcc/x86_64-linux-gnu/5/../../../../lib/:/lib/x86_64-linux-gnu/:/lib/../lib/:/usr/lib/x86_64-linux-gnu/:/usr/lib/../lib/:/usr/lib/gcc/x86_64-linux-gnu/5/../../../:/lib/:/usr/lib/
COLLECT_GCC_OPTIONS='-v' '-o' 'CMakeFiles/cmTC_c2f66.dir/CMakeCXXCompilerABI.cpp.o' '-c' '-shared-libgcc' '-mtune=generic' '-march=x86-64'
Linking CXX executable cmTC_c2f66
/usr/local/bin/cmake -E cmake_link_script CMakeFiles/cmTC_c2f66.dir/link.txt --verbose=1
/usr/bin/c++  -v -rdynamic CMakeFiles/cmTC_c2f66.dir/CMakeCXXCompilerABI.cpp.o -o cmTC_c2f66 
Using built-in specs.
COLLECT_GCC=/usr/bin/c++
COLLECT_LTO_WRAPPER=/usr/lib/gcc/x86_64-linux-gnu/5/lto-wrapper
Target: x86_64-linux-gnu
Configured with: ../src/configure -v --with-pkgversion='Ubuntu 5.5.0-12ubuntu1' --with-bugurl=file:///usr/share/doc/gcc-5/README.Bugs --enable-languages=c,ada,c++,go,d,fortran,objc,obj-c++ --prefix=/usr --program-suffix=-5 --enable-shared --enable-linker-build-id --libexecdir=/usr/lib --without-included-gettext --enable-threads=posix --libdir=/usr/lib --enable-nls --with-sysroot=/ --enable-clocale=gnu --enable-libstdcxx-debug --enable-libstdcxx-time=yes --with-default-libstdcxx-abi=new --enable-gnu-unique-object --disable-vtable-verify --enable-libmpx --enable-plugin --enable-default-pie --with-system-zlib --enable-objc-gc --enable-multiarch --disable-werror --with-arch-32=i686 --with-abi=m64 --with-multilib-list=m32,m64,mx32 --enable-multilib --with-tune=generic --enable-checking=release --build=x86_64-linux-gnu --host=x86_64-linux-gnu --target=x86_64-linux-gnu
Thread model: posix
gcc version 5.5.0 20171010 (Ubuntu 5.5.0-12ubuntu1) 
COMPILER_PATH=/usr/lib/gcc/x86_64-linux-gnu/5/:/usr/lib/gcc/x86_64-linux-gnu/5/:/usr/lib/gcc/x86_64-linux-gnu/:/usr/lib/gcc/x86_64-linux-gnu/5/:/usr/lib/gcc/x86_64-linux-gnu/
LIBRARY_PATH=/usr/lib/gcc/x86_64-linux-gnu/5/:/usr/lib/gcc/x86_64-linux-gnu/5/../../../x86_64-linux-gnu/:/usr/lib/gcc/x86_64-linux-gnu/5/../../../../lib/:/lib/x86_64-linux-gnu/:/lib/../lib/:/usr/lib/x86_64-linux-gnu/:/usr/lib/../lib/:/usr/lib/gcc/x86_64-linux-gnu/5/../../../:/lib/:/usr/lib/
COLLECT_GCC_OPTIONS='-v' '-rdynamic' '-o' 'cmTC_c2f66' '-shared-libgcc' '-mtune=generic' '-march=x86-64'
 /usr/lib/gcc/x86_64-linux-gnu/5/collect2 -plugin /usr/lib/gcc/x86_64-linux-gnu/5/liblto_plugin.so -plugin-opt=/usr/lib/gcc/x86_64-linux-gnu/5/lto-wrapper -plugin-opt=-fresolution=/tmp/ccwcfco5.res -plugin-opt=-pass-through=-lgcc_s -plugin-opt=-pass-through=-lgcc -plugin-opt=-pass-through=-lc -plugin-opt=-pass-through=-lgcc_s -plugin-opt=-pass-through=-lgcc --sysroot=/ --build-id --eh-frame-hdr -m elf_x86_64 --hash-style=gnu --as-needed -export-dynamic -dynamic-linker /lib64/ld-linux-x86-64.so.2 -pie -z now -z relro -o cmTC_c2f66 /usr/lib/gcc/x86_64-linux-gnu/5/../../../x86_64-linux-gnu/Scrt1.o /usr/lib/gcc/x86_64-linux-gnu/5/../../../x86_64-linux-gnu/crti.o /usr/lib/gcc/x86_64-linux-gnu/5/crtbeginS.o -L/usr/lib/gcc/x86_64-linux-gnu/5 -L/usr/lib/gcc/x86_64-linux-gnu/5/../../../x86_64-linux-gnu -L/usr/lib/gcc/x86_64-linux-gnu/5/../../../../lib -L/lib/x86_64-linux-gnu -L/lib/../lib -L/usr/lib/x86_64-linux-gnu -L/usr/lib/../lib -L/usr/lib/gcc/x86_64-linux-gnu/5/../../.. CMakeFiles/cmTC_c2f66.dir/CMakeCXXCompilerABI.cpp.o -lstdc++ -lm -lgcc_s -lgcc -lc -lgcc_s -lgcc /usr/lib/gcc/x86_64-linux-gnu/5/crtend.o /usr/lib/gcc/x86_64-linux-gnu/5/../../../x86_64-linux-gnu/crtn.o
make[1]: Leaving directory '/home/anreydron/CLionProjects/prj/nlopt-2.7.1/bin/CMakeFiles/CMakeTmp'



Parsed CXX implicit include dir info from above output: rv=done
  found start of include info
  found start of implicit include info
    add: [/usr/include/c++/5]
    add: [/usr/include/x86_64-linux-gnu/c++/5]
    add: [/usr/include/c++/5/backward]
    add: [/usr/lib/gcc/x86_64-linux-gnu/5/include]
    add: [/usr/local/include]
    add: [/usr/lib/gcc/x86_64-linux-gnu/5/include-fixed]
    add: [/usr/include/x86_64-linux-gnu]
    add: [/usr/include]
  end of search list found
  collapse include dir [/usr/include/c++/5] ==> [/usr/include/c++/5]
  collapse include dir [/usr/include/x86_64-linux-gnu/c++/5] ==> [/usr/include/x86_64-linux-gnu/c++/5]
  collapse include dir [/usr/include/c++/5/backward] ==> [/usr/include/c++/5/backward]
  collapse include dir [/usr/lib/gcc/x86_64-linux-gnu/5/include] ==> [/usr/lib/gcc/x86_64-linux-gnu/5/include]
  collapse include dir [/usr/local/include] ==> [/usr/local/include]
  collapse include dir [/usr/lib/gcc/x86_64-linux-gnu/5/include-fixed] ==> [/usr/lib/gcc/x86_64-linux-gnu/5/include-fixed]
  collapse include dir [/usr/include/x86_64-linux-gnu] ==> [/usr/include/x86_64-linux-gnu]
  collapse include dir [/usr/include] ==> [/usr/include]
  implicit include dirs: [/usr/include/c++/5;/usr/include/x86_64-linux-gnu/c++/5;/usr/include/c++/5/backward;/usr/lib/gcc/x86_64-linux-gnu/5/include;/usr/local/include;/usr/lib/gcc/x86_64-linux-gnu/5/include-fixed;/usr/include/x86_64-linux-gnu;/usr/include]


Parsed CXX implicit link information from above output:
  link line regex: [^( *|.*[/\])(ld|CMAKE_LINK_STARTFILE-NOTFOUND|([^/\]+-)?ld|collect2)[^/\]*( |$)]
  ignore line: [Change Dir: /home/anreydron/CLionProjects/prj/nlopt-2.7.1/bin/CMakeFiles/CMakeTmp]
  ignore line: []
  ignore line: [Run Build Command(s):/usr/bin/make -f Makefile cmTC_c2f66/fast && /usr/bin/make  -f CMakeFiles/cmTC_c2f66.dir/build.make CMakeFiles/cmTC_c2f66.dir/build]
  ignore line: [make[1]: Entering directory '/home/anreydron/CLionProjects/prj/nlopt-2.7.1/bin/CMakeFiles/CMakeTmp']
  ignore line: [Building CXX object CMakeFiles/cmTC_c2f66.dir/CMakeCXXCompilerABI.cpp.o]
  ignore line: [/usr/bin/c++   -v -o CMakeFiles/cmTC_c2f66.dir/CMakeCXXCompilerABI.cpp.o -c /usr/local/share/cmake-3.20/Modules/CMakeCXXCompilerABI.cpp]
  ignore line: [Using built-in specs.]
  ignore line: [COLLECT_GCC=/usr/bin/c++]
  ignore line: [Target: x86_64-linux-gnu]
  ignore line: [Configured with: ../src/configure -v --with-pkgversion='Ubuntu 5.5.0-12ubuntu1' --with-bugurl=file:///usr/share/doc/gcc-5/README.Bugs --enable-languages=c ada c++ go d fortran objc obj-c++ --prefix=/usr --program-suffix=-5 --enable-shared --enable-linker-build-id --libexecdir=/usr/lib --without-included-gettext --enable-threads=posix --libdir=/usr/lib --enable-nls --with-sysroot=/ --enable-clocale=gnu --enable-libstdcxx-debug --enable-libstdcxx-time=yes --with-default-libstdcxx-abi=new --enable-gnu-unique-object --disable-vtable-verify --enable-libmpx --enable-plugin --enable-default-pie --with-system-zlib --enable-objc-gc --enable-multiarch --disable-werror --with-arch-32=i686 --with-abi=m64 --with-multilib-list=m32 m64 mx32 --enable-multilib --with-tune=generic --enable-checking=release --build=x86_64-linux-gnu --host=x86_64-linux-gnu --target=x86_64-linux-gnu]
  ignore line: [Thread model: posix]
  ignore line: [gcc version 5.5.0 20171010 (Ubuntu 5.5.0-12ubuntu1) ]
  ignore line: [COLLECT_GCC_OPTIONS='-v' '-o' 'CMakeFiles/cmTC_c2f66.dir/CMakeCXXCompilerABI.cpp.o' '-c' '-shared-libgcc' '-mtune=generic' '-march=x86-64']
  ignore line: [ /usr/lib/gcc/x86_64-linux-gnu/5/cc1plus -quiet -v -imultiarch x86_64-linux-gnu -D_GNU_SOURCE /usr/local/share/cmake-3.20/Modules/CMakeCXXCompilerABI.cpp -quiet -dumpbase CMakeCXXCompilerABI.cpp -mtune=generic -march=x86-64 -auxbase-strip CMakeFiles/cmTC_c2f66.dir/CMakeCXXCompilerABI.cpp.o -version -fstack-protector-strong -Wformat -Wformat-security -o /tmp/ccBqNHR2.s]
  ignore line: [GNU C++ (Ubuntu 5.5.0-12ubuntu1) version 5.5.0 20171010 (x86_64-linux-gnu)]
  ignore line: [	compiled by GNU C version 5.5.0 20171010  GMP version 6.1.2  MPFR version 4.0.1  MPC version 1.1.0]
  ignore line: [GGC heuristics: --param ggc-min-expand=100 --param ggc-min-heapsize=131072]
  ignore line: [ignoring duplicate directory "/usr/include/x86_64-linux-gnu/c++/5"]
  ignore line: [ignoring nonexistent directory "/usr/local/include/x86_64-linux-gnu"]
  ignore line: [ignoring nonexistent directory "/usr/lib/gcc/x86_64-linux-gnu/5/../../../../x86_64-linux-gnu/include"]
  ignore line: [#include "..." search starts here:]
  ignore line: [#include <...> search starts here:]
  ignore line: [ /usr/include/c++/5]
  ignore line: [ /usr/include/x86_64-linux-gnu/c++/5]
  ignore line: [ /usr/include/c++/5/backward]
  ignore line: [ /usr/lib/gcc/x86_64-linux-gnu/5/include]
  ignore line: [ /usr/local/include]
  ignore line: [ /usr/lib/gcc/x86_64-linux-gnu/5/include-fixed]
  ignore line: [ /usr/include/x86_64-linux-gnu]
  ignore line: [ /usr/include]
  ignore line: [End of search list.]
  ignore line: [GNU C++ (Ubuntu 5.5.0-12ubuntu1) version 5.5.0 20171010 (x86_64-linux-gnu)]
  ignore line: [	compiled by GNU C version 5.5.0 20171010  GMP version 6.1.2  MPFR version 4.0.1  MPC version 1.1.0]
  ignore line: [GGC heuristics: --param ggc-min-expand=100 --param ggc-min-heapsize=131072]
  ignore line: [Compiler executable checksum: 7502860693407ccc98d9842871193560]
  ignore line: [COLLECT_GCC_OPTIONS='-v' '-o' 'CMakeFiles/cmTC_c2f66.dir/CMakeCXXCompilerABI.cpp.o' '-c' '-shared-libgcc' '-mtune=generic' '-march=x86-64']
  ignore line: [ as -v --64 -o CMakeFiles/cmTC_c2f66.dir/CMakeCXXCompilerABI.cpp.o /tmp/ccBqNHR2.s]
  ignore line: [GNU assembler version 2.30 (x86_64-linux-gnu) using BFD version (GNU Binutils for Ubuntu) 2.30]
  ignore line: [COMPILER_PATH=/usr/lib/gcc/x86_64-linux-gnu/5/:/usr/lib/gcc/x86_64-linux-gnu/5/:/usr/lib/gcc/x86_64-linux-gnu/:/usr/lib/gcc/x86_64-linux-gnu/5/:/usr/lib/gcc/x86_64-linux-gnu/]
  ignore line: [LIBRARY_PATH=/usr/lib/gcc/x86_64-linux-gnu/5/:/usr/lib/gcc/x86_64-linux-gnu/5/../../../x86_64-linux-gnu/:/usr/lib/gcc/x86_64-linux-gnu/5/../../../../lib/:/lib/x86_64-linux-gnu/:/lib/../lib/:/usr/lib/x86_64-linux-gnu/:/usr/lib/../lib/:/usr/lib/gcc/x86_64-linux-gnu/5/../../../:/lib/:/usr/lib/]
  ignore line: [COLLECT_GCC_OPTIONS='-v' '-o' 'CMakeFiles/cmTC_c2f66.dir/CMakeCXXCompilerABI.cpp.o' '-c' '-shared-libgcc' '-mtune=generic' '-march=x86-64']
  ignore line: [Linking CXX executable cmTC_c2f66]
  ignore line: [/usr/local/bin/cmake -E cmake_link_script CMakeFiles/cmTC_c2f66.dir/link.txt --verbose=1]
  ignore line: [/usr/bin/c++  -v -rdynamic CMakeFiles/cmTC_c2f66.dir/CMakeCXXCompilerABI.cpp.o -o cmTC_c2f66 ]
  ignore line: [Using built-in specs.]
  ignore line: [COLLECT_GCC=/usr/bin/c++]
  ignore line: [COLLECT_LTO_WRAPPER=/usr/lib/gcc/x86_64-linux-gnu/5/lto-wrapper]
  ignore line: [Target: x86_64-linux-gnu]
  ignore line: [Configured with: ../src/configure -v --with-pkgversion='Ubuntu 5.5.0-12ubuntu1' --with-bugurl=file:///usr/share/doc/gcc-5/README.Bugs --enable-languages=c ada c++ go d fortran objc obj-c++ --prefix=/usr --program-suffix=-5 --enable-shared --enable-linker-build-id --libexecdir=/usr/lib --without-included-gettext --enable-threads=posix --libdir=/usr/lib --enable-nls --with-sysroot=/ --enable-clocale=gnu --enable-libstdcxx-debug --enable-libstdcxx-time=yes --with-default-libstdcxx-abi=new --enable-gnu-unique-object --disable-vtable-verify --enable-libmpx --enable-plugin --enable-default-pie --with-system-zlib --enable-objc-gc --enable-multiarch --disable-werror --with-arch-32=i686 --with-abi=m64 --with-multilib-list=m32 m64 mx32 --enable-multilib --with-tune=generic --enable-checking=release --build=x86_64-linux-gnu --host=x86_64-linux-gnu --target=x86_64-linux-gnu]
  ignore line: [Thread model: posix]
  ignore line: [gcc version 5.5.0 20171010 (Ubuntu 5.5.0-12ubuntu1) ]
  ignore line: [COMPILER_PATH=/usr/lib/gcc/x86_64-linux-gnu/5/:/usr/lib/gcc/x86_64-linux-gnu/5/:/usr/lib/gcc/x86_64-linux-gnu/:/usr/lib/gcc/x86_64-linux-gnu/5/:/usr/lib/gcc/x86_64-linux-gnu/]
  ignore line: [LIBRARY_PATH=/usr/lib/gcc/x86_64-linux-gnu/5/:/usr/lib/gcc/x86_64-linux-gnu/5/../../../x86_64-linux-gnu/:/usr/lib/gcc/x86_64-linux-gnu/5/../../../../lib/:/lib/x86_64-linux-gnu/:/lib/../lib/:/usr/lib/x86_64-linux-gnu/:/usr/lib/../lib/:/usr/lib/gcc/x86_64-linux-gnu/5/../../../:/lib/:/usr/lib/]
  ignore line: [COLLECT_GCC_OPTIONS='-v' '-rdynamic' '-o' 'cmTC_c2f66' '-shared-libgcc' '-mtune=generic' '-march=x86-64']
  link line: [ /usr/lib/gcc/x86_64-linux-gnu/5/collect2 -plugin /usr/lib/gcc/x86_64-linux-gnu/5/liblto_plugin.so -plugin-opt=/usr/lib/gcc/x86_64-linux-gnu/5/lto-wrapper -plugin-opt=-fresolution=/tmp/ccwcfco5.res -plugin-opt=-pass-through=-lgcc_s -plugin-opt=-pass-through=-lgcc -plugin-opt=-pass-through=-lc -plugin-opt=-pass-through=-lgcc_s -plugin-opt=-pass-through=-lgcc --sysroot=/ --build-id --eh-frame-hdr -m elf_x86_64 --hash-style=gnu --as-needed -export-dynamic -dynamic-linker /lib64/ld-linux-x86-64.so.2 -pie -z now -z relro -o cmTC_c2f66 /usr/lib/gcc/x86_64-linux-gnu/5/../../../x86_64-linux-gnu/Scrt1.o /usr/lib/gcc/x86_64-linux-gnu/5/../../../x86_64-linux-gnu/crti.o /usr/lib/gcc/x86_64-linux-gnu/5/crtbeginS.o -L/usr/lib/gcc/x86_64-linux-gnu/5 -L/usr/lib/gcc/x86_64-linux-gnu/5/../../../x86_64-linux-gnu -L/usr/lib/gcc/x86_64-linux-gnu/5/../../../../lib -L/lib/x86_64-linux-gnu -L/lib/../lib -L/usr/lib/x86_64-linux-gnu -L/usr/lib/../lib -L/usr/lib/gcc/x86_64-linux-gnu/5/../../.. CMakeFiles/cmTC_c2f66.dir/CMakeCXXCompilerABI.cpp.o -lstdc++ -lm -lgcc_s -lgcc -lc -lgcc_s -lgcc /usr/lib/gcc/x86_64-linux-gnu/5/crtend.o /usr/lib/gcc/x86_64-linux-gnu/5/../../../x86_64-linux-gnu/crtn.o]
    arg [/usr/lib/gcc/x86_64-linux-gnu/5/collect2] ==> ignore
    arg [-plugin] ==> ignore
    arg [/usr/lib/gcc/x86_64-linux-gnu/5/liblto_plugin.so] ==> ignore
    arg [-plugin-opt=/usr/lib/gcc/x86_64-linux-gnu/5/lto-wrapper] ==> ignore
    arg [-plugin-opt=-fresolution=/tmp/ccwcfco5.res] ==> ignore
    arg [-plugin-opt=-pass-through=-lgcc_s] ==> ignore
    arg [-plugin-opt=-pass-through=-lgcc] ==> ignore
    arg [-plugin-opt=-pass-through=-lc] ==> ignore
    arg [-plugin-opt=-pass-through=-lgcc_s] ==> ignore
    arg [-plugin-opt=-pass-through=-lgcc] ==> ignore
    arg [--sysroot=/] ==> ignore
    arg [--build-id] ==> ignore
    arg [--eh-frame-hdr] ==> ignore
    arg [-m] ==> ignore
    arg [elf_x86_64] ==> ignore
    arg [--hash-style=gnu] ==> ignore
    arg [--as-needed] ==> ignore
    arg [-export-dynamic] ==> ignore
    arg [-dynamic-linker] ==> ignore
    arg [/lib64/ld-linux-x86-64.so.2] ==> ignore
    arg [-pie] ==> ignore
    arg [-znow] ==> ignore
    arg [-zrelro] ==> ignore
    arg [-o] ==> ignore
    arg [cmTC_c2f66] ==> ignore
    arg [/usr/lib/gcc/x86_64-linux-gnu/5/../../../x86_64-linux-gnu/Scrt1.o] ==> ignore
    arg [/usr/lib/gcc/x86_64-linux-gnu/5/../../../x86_64-linux-gnu/crti.o] ==> ignore
    arg [/usr/lib/gcc/x86_64-linux-gnu/5/crtbeginS.o] ==> ignore
    arg [-L/usr/lib/gcc/x86_64-linux-gnu/5] ==> dir [/usr/lib/gcc/x86_64-linux-gnu/5]
    arg [-L/usr/lib/gcc/x86_64-linux-gnu/5/../../../x86_64-linux-gnu] ==> dir [/usr/lib/gcc/x86_64-linux-gnu/5/../../../x86_64-linux-gnu]
    arg [-L/usr/lib/gcc/x86_64-linux-gnu/5/../../../../lib] ==> dir [/usr/lib/gcc/x86_64-linux-gnu/5/../../../../lib]
    arg [-L/lib/x86_64-linux-gnu] ==> dir [/lib/x86_64-linux-gnu]
    arg [-L/lib/../lib] ==> dir [/lib/../lib]
    arg [-L/usr/lib/x86_64-linux-gnu] ==> dir [/usr/lib/x86_64-linux-gnu]
    arg [-L/usr/lib/../lib] ==> dir [/usr/lib/../lib]
    arg [-L/usr/lib/gcc/x86_64-linux-gnu/5/../../..] ==> dir [/usr/lib/gcc/x86_64-linux-gnu/5/../../..]
    arg [CMakeFiles/cmTC_c2f66.dir/CMakeCXXCompilerABI.cpp.o] ==> ignore
    arg [-lstdc++] ==> lib [stdc++]
    arg [-lm] ==> lib [m]
    arg [-lgcc_s] ==> lib [gcc_s]
    arg [-lgcc] ==> lib [gcc]
    arg [-lc] ==> lib [c]
    arg [-lgcc_s] ==> lib [gcc_s]
    arg [-lgcc] ==> lib [gcc]
    arg [/usr/lib/gcc/x86_64-linux-gnu/5/crtend.o] ==> ignore
    arg [/usr/lib/gcc/x86_64-linux-gnu/5/../../../x86_64-linux-gnu/crtn.o] ==> ignore
  collapse library dir [/usr/lib/gcc/x86_64-linux-gnu/5] ==> [/usr/lib/gcc/x86_64-linux-gnu/5]
  collapse library dir [/usr/lib/gcc/x86_64-linux-gnu/5/../../../x86_64-linux-gnu] ==> [/usr/lib/x86_64-linux-gnu]
  collapse library dir [/usr/lib/gcc/x86_64-linux-gnu/5/../../../../lib] ==> [/usr/lib]
  collapse library dir [/lib/x86_64-linux-gnu] ==> [/lib/x86_64-linux-gnu]
  collapse library dir [/lib/../lib] ==> [/lib]
  collapse library dir [/usr/lib/x86_64-linux-gnu] ==> [/usr/lib/x86_64-linux-gnu]
  collapse library dir [/usr/lib/../lib] ==> [/usr/lib]
  collapse library dir [/usr/lib/gcc/x86_64-linux-gnu/5/../../..] ==> [/usr/lib]
  implicit libs: [stdc++;m;gcc_s;gcc;c;gcc_s;gcc]
  implicit dirs: [/usr/lib/gcc/x86_64-linux-gnu/5;/usr/lib/x86_64-linux-gnu;/usr/lib;/lib/x86_64-linux-gnu;/lib]
  implicit fwks: []


Determining if the include file getopt.h exists passed with the following output:
Change Dir: /home/anreydron/CLionProjects/prj/nlopt-2.7.1/bin/CMakeFiles/CMakeTmp

Run Build Command(s):/usr/bin/make -f Makefile cmTC_fce57/fast && /usr/bin/make  -f CMakeFiles/cmTC_fce57.dir/build.make CMakeFiles/cmTC_fce57.dir/build
make[1]: Entering directory '/home/anreydron/CLionProjects/prj/nlopt-2.7.1/bin/CMakeFiles/CMakeTmp'
Building C object CMakeFiles/cmTC_fce57.dir/CheckIncludeFile.c.o
/usr/bin/cc    -o CMakeFiles/cmTC_fce57.dir/CheckIncludeFile.c.o -c /home/anreydron/CLionProjects/prj/nlopt-2.7.1/bin/CMakeFiles/CMakeTmp/CheckIncludeFile.c
Linking C executable cmTC_fce57
/usr/local/bin/cmake -E cmake_link_script CMakeFiles/cmTC_fce57.dir/link.txt --verbose=1
/usr/bin/cc -rdynamic CMakeFiles/cmTC_fce57.dir/CheckIncludeFile.c.o -o cmTC_fce57 
make[1]: Leaving directory '/home/anreydron/CLionProjects/prj/nlopt-2.7.1/bin/CMakeFiles/CMakeTmp'



Determining if the include file unistd.h exists passed with the following output:
Change Dir: /home/anreydron/CLionProjects/prj/nlopt-2.7.1/bin/CMakeFiles/CMakeTmp

Run Build Command(s):/usr/bin/make -f Makefile cmTC_9baa5/fast && /usr/bin/make  -f CMakeFiles/cmTC_9baa5.dir/build.make CMakeFiles/cmTC_9baa5.dir/build
make[1]: Entering directory '/home/anreydron/CLionProjects/prj/nlopt-2.7.1/bin/CMakeFiles/CMakeTmp'
Building C object CMakeFiles/cmTC_9baa5.dir/CheckIncludeFile.c.o
/usr/bin/cc    -o CMakeFiles/cmTC_9baa5.dir/CheckIncludeFile.c.o -c /home/anreydron/CLionProjects/prj/nlopt-2.7.1/bin/CMakeFiles/CMakeTmp/CheckIncludeFile.c
Linking C executable cmTC_9baa5
/usr/local/bin/cmake -E cmake_link_script CMakeFiles/cmTC_9baa5.dir/link.txt --verbose=1
/usr/bin/cc -rdynamic CMakeFiles/cmTC_9baa5.dir/CheckIncludeFile.c.o -o cmTC_9baa5 
make[1]: Leaving directory '/home/anreydron/CLionProjects/prj/nlopt-2.7.1/bin/CMakeFiles/CMakeTmp'



Determining if the include file stdint.h exists passed with the following output:
Change Dir: /home/anreydron/CLionProjects/prj/nlopt-2.7.1/bin/CMakeFiles/CMakeTmp

Run Build Command(s):/usr/bin/make -f Makefile cmTC_aa282/fast && /usr/bin/make  -f CMakeFiles/cmTC_aa282.dir/build.make CMakeFiles/cmTC_aa282.dir/build
make[1]: Entering directory '/home/anreydron/CLionProjects/prj/nlopt-2.7.1/bin/CMakeFiles/CMakeTmp'
Building C object CMakeFiles/cmTC_aa282.dir/CheckIncludeFile.c.o
/usr/bin/cc    -o CMakeFiles/cmTC_aa282.dir/CheckIncludeFile.c.o -c /home/anreydron/CLionProjects/prj/nlopt-2.7.1/bin/CMakeFiles/CMakeTmp/CheckIncludeFile.c
Linking C executable cmTC_aa282
/usr/local/bin/cmake -E cmake_link_script CMakeFiles/cmTC_aa282.dir/link.txt --verbose=1
/usr/bin/cc -rdynamic CMakeFiles/cmTC_aa282.dir/CheckIncludeFile.c.o -o cmTC_aa282 
make[1]: Leaving directory '/home/anreydron/CLionProjects/prj/nlopt-2.7.1/bin/CMakeFiles/CMakeTmp'



Determining if the include file time.h exists passed with the following output:
Change Dir: /home/anreydron/CLionProjects/prj/nlopt-2.7.1/bin/CMakeFiles/CMakeTmp

Run Build Command(s):/usr/bin/make -f Makefile cmTC_98db1/fast && /usr/bin/make  -f CMakeFiles/cmTC_98db1.dir/build.make CMakeFiles/cmTC_98db1.dir/build
make[1]: Entering directory '/home/anreydron/CLionProjects/prj/nlopt-2.7.1/bin/CMakeFiles/CMakeTmp'
Building C object CMakeFiles/cmTC_98db1.dir/CheckIncludeFile.c.o
/usr/bin/cc    -o CMakeFiles/cmTC_98db1.dir/CheckIncludeFile.c.o -c /home/anreydron/CLionProjects/prj/nlopt-2.7.1/bin/CMakeFiles/CMakeTmp/CheckIncludeFile.c
Linking C executable cmTC_98db1
/usr/local/bin/cmake -E cmake_link_script CMakeFiles/cmTC_98db1.dir/link.txt --verbose=1
/usr/bin/cc -rdynamic CMakeFiles/cmTC_98db1.dir/CheckIncludeFile.c.o -o cmTC_98db1 
make[1]: Leaving directory '/home/anreydron/CLionProjects/prj/nlopt-2.7.1/bin/CMakeFiles/CMakeTmp'



Determining if the include file sys/time.h exists passed with the following output:
Change Dir: /home/anreydron/CLionProjects/prj/nlopt-2.7.1/bin/CMakeFiles/CMakeTmp

Run Build Command(s):/usr/bin/make -f Makefile cmTC_dd2ad/fast && /usr/bin/make  -f CMakeFiles/cmTC_dd2ad.dir/build.make CMakeFiles/cmTC_dd2ad.dir/build
make[1]: Entering directory '/home/anreydron/CLionProjects/prj/nlopt-2.7.1/bin/CMakeFiles/CMakeTmp'
Building C object CMakeFiles/cmTC_dd2ad.dir/CheckIncludeFile.c.o
/usr/bin/cc    -o CMakeFiles/cmTC_dd2ad.dir/CheckIncludeFile.c.o -c /home/anreydron/CLionProjects/prj/nlopt-2.7.1/bin/CMakeFiles/CMakeTmp/CheckIncludeFile.c
Linking C executable cmTC_dd2ad
/usr/local/bin/cmake -E cmake_link_script CMakeFiles/cmTC_dd2ad.dir/link.txt --verbose=1
/usr/bin/cc -rdynamic CMakeFiles/cmTC_dd2ad.dir/CheckIncludeFile.c.o -o cmTC_dd2ad 
make[1]: Leaving directory '/home/anreydron/CLionProjects/prj/nlopt-2.7.1/bin/CMakeFiles/CMakeTmp'



Determining if the function getpid exists passed with the following output:
Change Dir: /home/anreydron/CLionProjects/prj/nlopt-2.7.1/bin/CMakeFiles/CMakeTmp

Run Build Command(s):/usr/bin/make -f Makefile cmTC_b2951/fast && /usr/bin/make  -f CMakeFiles/cmTC_b2951.dir/build.make CMakeFiles/cmTC_b2951.dir/build
make[1]: Entering directory '/home/anreydron/CLionProjects/prj/nlopt-2.7.1/bin/CMakeFiles/CMakeTmp'
Building C object CMakeFiles/cmTC_b2951.dir/CheckFunctionExists.c.o
/usr/bin/cc   -DCHECK_FUNCTION_EXISTS=getpid -o CMakeFiles/cmTC_b2951.dir/CheckFunctionExists.c.o -c /usr/local/share/cmake-3.20/Modules/CheckFunctionExists.c
Linking C executable cmTC_b2951
/usr/local/bin/cmake -E cmake_link_script CMakeFiles/cmTC_b2951.dir/link.txt --verbose=1
/usr/bin/cc  -DCHECK_FUNCTION_EXISTS=getpid -rdynamic CMakeFiles/cmTC_b2951.dir/CheckFunctionExists.c.o -o cmTC_b2951 
make[1]: Leaving directory '/home/anreydron/CLionProjects/prj/nlopt-2.7.1/bin/CMakeFiles/CMakeTmp'



Determining if the function syscall exists passed with the following output:
Change Dir: /home/anreydron/CLionProjects/prj/nlopt-2.7.1/bin/CMakeFiles/CMakeTmp

Run Build Command(s):/usr/bin/make -f Makefile cmTC_ec193/fast && /usr/bin/make  -f CMakeFiles/cmTC_ec193.dir/build.make CMakeFiles/cmTC_ec193.dir/build
make[1]: Entering directory '/home/anreydron/CLionProjects/prj/nlopt-2.7.1/bin/CMakeFiles/CMakeTmp'
Building C object CMakeFiles/cmTC_ec193.dir/CheckFunctionExists.c.o
/usr/bin/cc   -DCHECK_FUNCTION_EXISTS=syscall -o CMakeFiles/cmTC_ec193.dir/CheckFunctionExists.c.o -c /usr/local/share/cmake-3.20/Modules/CheckFunctionExists.c
Linking C executable cmTC_ec193
/usr/local/bin/cmake -E cmake_link_script CMakeFiles/cmTC_ec193.dir/link.txt --verbose=1
/usr/bin/cc  -DCHECK_FUNCTION_EXISTS=syscall -rdynamic CMakeFiles/cmTC_ec193.dir/CheckFunctionExists.c.o -o cmTC_ec193 
make[1]: Leaving directory '/home/anreydron/CLionProjects/prj/nlopt-2.7.1/bin/CMakeFiles/CMakeTmp'



Determining if the function isinf exists passed with the following output:
Change Dir: /home/anreydron/CLionProjects/prj/nlopt-2.7.1/bin/CMakeFiles/CMakeTmp

Run Build Command(s):/usr/bin/make -f Makefile cmTC_f12f6/fast && /usr/bin/make  -f CMakeFiles/cmTC_f12f6.dir/build.make CMakeFiles/cmTC_f12f6.dir/build
make[1]: Entering directory '/home/anreydron/CLionProjects/prj/nlopt-2.7.1/bin/CMakeFiles/CMakeTmp'
Building C object CMakeFiles/cmTC_f12f6.dir/CheckFunctionExists.c.o
/usr/bin/cc   -DCHECK_FUNCTION_EXISTS=isinf -o CMakeFiles/cmTC_f12f6.dir/CheckFunctionExists.c.o -c /usr/local/share/cmake-3.20/Modules/CheckFunctionExists.c
<command-line>:0:23: warning: conflicting types for built-in function ‘isinf’
/usr/local/share/cmake-3.20/Modules/CheckFunctionExists.c:7:3: note: in expansion of macro ‘CHECK_FUNCTION_EXISTS’
   CHECK_FUNCTION_EXISTS(void);
   ^
Linking C executable cmTC_f12f6
/usr/local/bin/cmake -E cmake_link_script CMakeFiles/cmTC_f12f6.dir/link.txt --verbose=1
/usr/bin/cc  -DCHECK_FUNCTION_EXISTS=isinf -rdynamic CMakeFiles/cmTC_f12f6.dir/CheckFunctionExists.c.o -o cmTC_f12f6 
make[1]: Leaving directory '/home/anreydron/CLionProjects/prj/nlopt-2.7.1/bin/CMakeFiles/CMakeTmp'



Determining if the function isnan exists passed with the following output:
Change Dir: /home/anreydron/CLionProjects/prj/nlopt-2.7.1/bin/CMakeFiles/CMakeTmp

Run Build Command(s):/usr/bin/make -f Makefile cmTC_4e79d/fast && /usr/bin/make  -f CMakeFiles/cmTC_4e79d.dir/build.make CMakeFiles/cmTC_4e79d.dir/build
make[1]: Entering directory '/home/anreydron/CLionProjects/prj/nlopt-2.7.1/bin/CMakeFiles/CMakeTmp'
Building C object CMakeFiles/cmTC_4e79d.dir/CheckFunctionExists.c.o
/usr/bin/cc   -DCHECK_FUNCTION_EXISTS=isnan -o CMakeFiles/cmTC_4e79d.dir/CheckFunctionExists.c.o -c /usr/local/share/cmake-3.20/Modules/CheckFunctionExists.c
<command-line>:0:23: warning: conflicting types for built-in function ‘isnan’
/usr/local/share/cmake-3.20/Modules/CheckFunctionExists.c:7:3: note: in expansion of macro ‘CHECK_FUNCTION_EXISTS’
   CHECK_FUNCTION_EXISTS(void);
   ^
Linking C executable cmTC_4e79d
/usr/local/bin/cmake -E cmake_link_script CMakeFiles/cmTC_4e79d.dir/link.txt --verbose=1
/usr/bin/cc  -DCHECK_FUNCTION_EXISTS=isnan -rdynamic CMakeFiles/cmTC_4e79d.dir/CheckFunctionExists.c.o -o cmTC_4e79d 
make[1]: Leaving directory '/home/anreydron/CLionProjects/prj/nlopt-2.7.1/bin/CMakeFiles/CMakeTmp'



Determining if the function gettimeofday exists passed with the following output:
Change Dir: /home/anreydron/CLionProjects/prj/nlopt-2.7.1/bin/CMakeFiles/CMakeTmp

Run Build Command(s):/usr/bin/make -f Makefile cmTC_6e2c8/fast && /usr/bin/make  -f CMakeFiles/cmTC_6e2c8.dir/build.make CMakeFiles/cmTC_6e2c8.dir/build
make[1]: Entering directory '/home/anreydron/CLionProjects/prj/nlopt-2.7.1/bin/CMakeFiles/CMakeTmp'
Building C object CMakeFiles/cmTC_6e2c8.dir/CheckFunctionExists.c.o
/usr/bin/cc   -DCHECK_FUNCTION_EXISTS=gettimeofday -o CMakeFiles/cmTC_6e2c8.dir/CheckFunctionExists.c.o -c /usr/local/share/cmake-3.20/Modules/CheckFunctionExists.c
Linking C executable cmTC_6e2c8
/usr/local/bin/cmake -E cmake_link_script CMakeFiles/cmTC_6e2c8.dir/link.txt --verbose=1
/usr/bin/cc  -DCHECK_FUNCTION_EXISTS=gettimeofday -rdynamic CMakeFiles/cmTC_6e2c8.dir/CheckFunctionExists.c.o -o cmTC_6e2c8 
make[1]: Leaving directory '/home/anreydron/CLionProjects/prj/nlopt-2.7.1/bin/CMakeFiles/CMakeTmp'



Determining if the function qsort_r exists passed with the following output:
Change Dir: /home/anreydron/CLionProjects/prj/nlopt-2.7.1/bin/CMakeFiles/CMakeTmp

Run Build Command(s):/usr/bin/make -f Makefile cmTC_3d34a/fast && /usr/bin/make  -f CMakeFiles/cmTC_3d34a.dir/build.make CMakeFiles/cmTC_3d34a.dir/build
make[1]: Entering directory '/home/anreydron/CLionProjects/prj/nlopt-2.7.1/bin/CMakeFiles/CMakeTmp'
Building C object CMakeFiles/cmTC_3d34a.dir/CheckFunctionExists.c.o
/usr/bin/cc   -DCHECK_FUNCTION_EXISTS=qsort_r -o CMakeFiles/cmTC_3d34a.dir/CheckFunctionExists.c.o -c /usr/local/share/cmake-3.20/Modules/CheckFunctionExists.c
Linking C executable cmTC_3d34a
/usr/local/bin/cmake -E cmake_link_script CMakeFiles/cmTC_3d34a.dir/link.txt --verbose=1
/usr/bin/cc  -DCHECK_FUNCTION_EXISTS=qsort_r -rdynamic CMakeFiles/cmTC_3d34a.dir/CheckFunctionExists.c.o -o cmTC_3d34a 
make[1]: Leaving directory '/home/anreydron/CLionProjects/prj/nlopt-2.7.1/bin/CMakeFiles/CMakeTmp'



Determining if the function time exists passed with the following output:
Change Dir: /home/anreydron/CLionProjects/prj/nlopt-2.7.1/bin/CMakeFiles/CMakeTmp

Run Build Command(s):/usr/bin/make -f Makefile cmTC_3c682/fast && /usr/bin/make  -f CMakeFiles/cmTC_3c682.dir/build.make CMakeFiles/cmTC_3c682.dir/build
make[1]: Entering directory '/home/anreydron/CLionProjects/prj/nlopt-2.7.1/bin/CMakeFiles/CMakeTmp'
Building C object CMakeFiles/cmTC_3c682.dir/CheckFunctionExists.c.o
/usr/bin/cc   -DCHECK_FUNCTION_EXISTS=time -o CMakeFiles/cmTC_3c682.dir/CheckFunctionExists.c.o -c /usr/local/share/cmake-3.20/Modules/CheckFunctionExists.c
Linking C executable cmTC_3c682
/usr/local/bin/cmake -E cmake_link_script CMakeFiles/cmTC_3c682.dir/link.txt --verbose=1
/usr/bin/cc  -DCHECK_FUNCTION_EXISTS=time -rdynamic CMakeFiles/cmTC_3c682.dir/CheckFunctionExists.c.o -o cmTC_3c682 
make[1]: Leaving directory '/home/anreydron/CLionProjects/prj/nlopt-2.7.1/bin/CMakeFiles/CMakeTmp'



Determining if the function copysign exists passed with the following output:
Change Dir: /home/anreydron/CLionProjects/prj/nlopt-2.7.1/bin/CMakeFiles/CMakeTmp

Run Build Command(s):/usr/bin/make -f Makefile cmTC_9f432/fast && /usr/bin/make  -f CMakeFiles/cmTC_9f432.dir/build.make CMakeFiles/cmTC_9f432.dir/build
make[1]: Entering directory '/home/anreydron/CLionProjects/prj/nlopt-2.7.1/bin/CMakeFiles/CMakeTmp'
Building C object CMakeFiles/cmTC_9f432.dir/CheckFunctionExists.c.o
/usr/bin/cc   -DCHECK_FUNCTION_EXISTS=copysign -o CMakeFiles/cmTC_9f432.dir/CheckFunctionExists.c.o -c /usr/local/share/cmake-3.20/Modules/CheckFunctionExists.c
<command-line>:0:23: warning: conflicting types for built-in function ‘copysign’
/usr/local/share/cmake-3.20/Modules/CheckFunctionExists.c:7:3: note: in expansion of macro ‘CHECK_FUNCTION_EXISTS’
   CHECK_FUNCTION_EXISTS(void);
   ^
Linking C executable cmTC_9f432
/usr/local/bin/cmake -E cmake_link_script CMakeFiles/cmTC_9f432.dir/link.txt --verbose=1
/usr/bin/cc  -DCHECK_FUNCTION_EXISTS=copysign -rdynamic CMakeFiles/cmTC_9f432.dir/CheckFunctionExists.c.o -o cmTC_9f432 
make[1]: Leaving directory '/home/anreydron/CLionProjects/prj/nlopt-2.7.1/bin/CMakeFiles/CMakeTmp'



Determining if the function getopt exists passed with the following output:
Change Dir: /home/anreydron/CLionProjects/prj/nlopt-2.7.1/bin/CMakeFiles/CMakeTmp

Run Build Command(s):/usr/bin/make -f Makefile cmTC_bbc41/fast && /usr/bin/make  -f CMakeFiles/cmTC_bbc41.dir/build.make CMakeFiles/cmTC_bbc41.dir/build
make[1]: Entering directory '/home/anreydron/CLionProjects/prj/nlopt-2.7.1/bin/CMakeFiles/CMakeTmp'
Building C object CMakeFiles/cmTC_bbc41.dir/CheckFunctionExists.c.o
/usr/bin/cc   -DCHECK_FUNCTION_EXISTS=getopt -o CMakeFiles/cmTC_bbc41.dir/CheckFunctionExists.c.o -c /usr/local/share/cmake-3.20/Modules/CheckFunctionExists.c
Linking C executable cmTC_bbc41
/usr/local/bin/cmake -E cmake_link_script CMakeFiles/cmTC_bbc41.dir/link.txt --verbose=1
/usr/bin/cc  -DCHECK_FUNCTION_EXISTS=getopt -rdynamic CMakeFiles/cmTC_bbc41.dir/CheckFunctionExists.c.o -o cmTC_bbc41 
make[1]: Leaving directory '/home/anreydron/CLionProjects/prj/nlopt-2.7.1/bin/CMakeFiles/CMakeTmp'



Determining if the include file sys/types.h exists passed with the following output:
Change Dir: /home/anreydron/CLionProjects/prj/nlopt-2.7.1/bin/CMakeFiles/CMakeTmp

Run Build Command(s):/usr/bin/make -f Makefile cmTC_0cba8/fast && /usr/bin/make  -f CMakeFiles/cmTC_0cba8.dir/build.make CMakeFiles/cmTC_0cba8.dir/build
make[1]: Entering directory '/home/anreydron/CLionProjects/prj/nlopt-2.7.1/bin/CMakeFiles/CMakeTmp'
Building C object CMakeFiles/cmTC_0cba8.dir/CheckIncludeFile.c.o
/usr/bin/cc    -o CMakeFiles/cmTC_0cba8.dir/CheckIncludeFile.c.o -c /home/anreydron/CLionProjects/prj/nlopt-2.7.1/bin/CMakeFiles/CMakeTmp/CheckIncludeFile.c
Linking C executable cmTC_0cba8
/usr/local/bin/cmake -E cmake_link_script CMakeFiles/cmTC_0cba8.dir/link.txt --verbose=1
/usr/bin/cc -rdynamic CMakeFiles/cmTC_0cba8.dir/CheckIncludeFile.c.o -o cmTC_0cba8 
make[1]: Leaving directory '/home/anreydron/CLionProjects/prj/nlopt-2.7.1/bin/CMakeFiles/CMakeTmp'



Determining if the include file stddef.h exists passed with the following output:
Change Dir: /home/anreydron/CLionProjects/prj/nlopt-2.7.1/bin/CMakeFiles/CMakeTmp

Run Build Command(s):/usr/bin/make -f Makefile cmTC_725a2/fast && /usr/bin/make  -f CMakeFiles/cmTC_725a2.dir/build.make CMakeFiles/cmTC_725a2.dir/build
make[1]: Entering directory '/home/anreydron/CLionProjects/prj/nlopt-2.7.1/bin/CMakeFiles/CMakeTmp'
Building C object CMakeFiles/cmTC_725a2.dir/CheckIncludeFile.c.o
/usr/bin/cc    -o CMakeFiles/cmTC_725a2.dir/CheckIncludeFile.c.o -c /home/anreydron/CLionProjects/prj/nlopt-2.7.1/bin/CMakeFiles/CMakeTmp/CheckIncludeFile.c
Linking C executable cmTC_725a2
/usr/local/bin/cmake -E cmake_link_script CMakeFiles/cmTC_725a2.dir/link.txt --verbose=1
/usr/bin/cc -rdynamic CMakeFiles/cmTC_725a2.dir/CheckIncludeFile.c.o -o cmTC_725a2 
make[1]: Leaving directory '/home/anreydron/CLionProjects/prj/nlopt-2.7.1/bin/CMakeFiles/CMakeTmp'



Determining size of uint32_t passed with the following output:
Change Dir: /home/anreydron/CLionProjects/prj/nlopt-2.7.1/bin/CMakeFiles/CMakeTmp

Run Build Command(s):/usr/bin/make -f Makefile cmTC_415e5/fast && /usr/bin/make  -f CMakeFiles/cmTC_415e5.dir/build.make CMakeFiles/cmTC_415e5.dir/build
make[1]: Entering directory '/home/anreydron/CLionProjects/prj/nlopt-2.7.1/bin/CMakeFiles/CMakeTmp'
Building C object CMakeFiles/cmTC_415e5.dir/SIZEOF_UINT32_T.c.o
/usr/bin/cc    -o CMakeFiles/cmTC_415e5.dir/SIZEOF_UINT32_T.c.o -c /home/anreydron/CLionProjects/prj/nlopt-2.7.1/bin/CMakeFiles/CheckTypeSize/SIZEOF_UINT32_T.c
Linking C executable cmTC_415e5
/usr/local/bin/cmake -E cmake_link_script CMakeFiles/cmTC_415e5.dir/link.txt --verbose=1
/usr/bin/cc -rdynamic CMakeFiles/cmTC_415e5.dir/SIZEOF_UINT32_T.c.o -o cmTC_415e5 
make[1]: Leaving directory '/home/anreydron/CLionProjects/prj/nlopt-2.7.1/bin/CMakeFiles/CMakeTmp'



Determining size of unsigned int passed with the following output:
Change Dir: /home/anreydron/CLionProjects/prj/nlopt-2.7.1/bin/CMakeFiles/CMakeTmp

Run Build Command(s):/usr/bin/make -f Makefile cmTC_7dba2/fast && /usr/bin/make  -f CMakeFiles/cmTC_7dba2.dir/build.make CMakeFiles/cmTC_7dba2.dir/build
make[1]: Entering directory '/home/anreydron/CLionProjects/prj/nlopt-2.7.1/bin/CMakeFiles/CMakeTmp'
Building C object CMakeFiles/cmTC_7dba2.dir/SIZEOF_UNSIGNED_INT.c.o
/usr/bin/cc    -o CMakeFiles/cmTC_7dba2.dir/SIZEOF_UNSIGNED_INT.c.o -c /home/anreydron/CLionProjects/prj/nlopt-2.7.1/bin/CMakeFiles/CheckTypeSize/SIZEOF_UNSIGNED_INT.c
Linking C executable cmTC_7dba2
/usr/local/bin/cmake -E cmake_link_script CMakeFiles/cmTC_7dba2.dir/link.txt --verbose=1
/usr/bin/cc -rdynamic CMakeFiles/cmTC_7dba2.dir/SIZEOF_UNSIGNED_INT.c.o -o cmTC_7dba2 
make[1]: Leaving directory '/home/anreydron/CLionProjects/prj/nlopt-2.7.1/bin/CMakeFiles/CMakeTmp'



Determining size of unsigned long passed with the following output:
Change Dir: /home/anreydron/CLionProjects/prj/nlopt-2.7.1/bin/CMakeFiles/CMakeTmp

Run Build Command(s):/usr/bin/make -f Makefile cmTC_40128/fast && /usr/bin/make  -f CMakeFiles/cmTC_40128.dir/build.make CMakeFiles/cmTC_40128.dir/build
make[1]: Entering directory '/home/anreydron/CLionProjects/prj/nlopt-2.7.1/bin/CMakeFiles/CMakeTmp'
Building C object CMakeFiles/cmTC_40128.dir/SIZEOF_UNSIGNED_LONG.c.o
/usr/bin/cc    -o CMakeFiles/cmTC_40128.dir/SIZEOF_UNSIGNED_LONG.c.o -c /home/anreydron/CLionProjects/prj/nlopt-2.7.1/bin/CMakeFiles/CheckTypeSize/SIZEOF_UNSIGNED_LONG.c
Linking C executable cmTC_40128
/usr/local/bin/cmake -E cmake_link_script CMakeFiles/cmTC_40128.dir/link.txt --verbose=1
/usr/bin/cc -rdynamic CMakeFiles/cmTC_40128.dir/SIZEOF_UNSIGNED_LONG.c.o -o cmTC_40128 
make[1]: Leaving directory '/home/anreydron/CLionProjects/prj/nlopt-2.7.1/bin/CMakeFiles/CMakeTmp'



Determining if the function sqrt exists in the m passed with the following output:
Change Dir: /home/anreydron/CLionProjects/prj/nlopt-2.7.1/bin/CMakeFiles/CMakeTmp

Run Build Command(s):/usr/bin/make -f Makefile cmTC_de09f/fast && /usr/bin/make  -f CMakeFiles/cmTC_de09f.dir/build.make CMakeFiles/cmTC_de09f.dir/build
make[1]: Entering directory '/home/anreydron/CLionProjects/prj/nlopt-2.7.1/bin/CMakeFiles/CMakeTmp'
Building C object CMakeFiles/cmTC_de09f.dir/CheckFunctionExists.c.o
/usr/bin/cc   -DCHECK_FUNCTION_EXISTS=sqrt -o CMakeFiles/cmTC_de09f.dir/CheckFunctionExists.c.o -c /usr/local/share/cmake-3.20/Modules/CheckFunctionExists.c
<command-line>:0:23: warning: conflicting types for built-in function ‘sqrt’
/usr/local/share/cmake-3.20/Modules/CheckFunctionExists.c:7:3: note: in expansion of macro ‘CHECK_FUNCTION_EXISTS’
   CHECK_FUNCTION_EXISTS(void);
   ^
Linking C executable cmTC_de09f
/usr/local/bin/cmake -E cmake_link_script CMakeFiles/cmTC_de09f.dir/link.txt --verbose=1
/usr/bin/cc  -DCHECK_FUNCTION_EXISTS=sqrt -rdynamic CMakeFiles/cmTC_de09f.dir/CheckFunctionExists.c.o -o cmTC_de09f  -lm 
make[1]: Leaving directory '/home/anreydron/CLionProjects/prj/nlopt-2.7.1/bin/CMakeFiles/CMakeTmp'



Performing C SOURCE FILE Test HAVE_THREAD_LOCAL_STORAGE succeeded with the following output:
Change Dir: /home/anreydron/CLionProjects/prj/nlopt-2.7.1/bin/CMakeFiles/CMakeTmp

Run Build Command(s):/usr/bin/make -f Makefile cmTC_a9431/fast && /usr/bin/make  -f CMakeFiles/cmTC_a9431.dir/build.make CMakeFiles/cmTC_a9431.dir/build
make[1]: Entering directory '/home/anreydron/CLionProjects/prj/nlopt-2.7.1/bin/CMakeFiles/CMakeTmp'
Building C object CMakeFiles/cmTC_a9431.dir/src.c.o
/usr/bin/cc -DHAVE_THREAD_LOCAL_STORAGE   -o CMakeFiles/cmTC_a9431.dir/src.c.o -c /home/anreydron/CLionProjects/prj/nlopt-2.7.1/bin/CMakeFiles/CMakeTmp/src.c
Linking C executable cmTC_a9431
/usr/local/bin/cmake -E cmake_link_script CMakeFiles/cmTC_a9431.dir/link.txt --verbose=1
/usr/bin/cc -rdynamic CMakeFiles/cmTC_a9431.dir/src.c.o -o cmTC_a9431 
make[1]: Leaving directory '/home/anreydron/CLionProjects/prj/nlopt-2.7.1/bin/CMakeFiles/CMakeTmp'


Source file was:

    __thread int tls;

    int main(void) {
        return 0;
    }
Determining if the __cplusplus exist passed with the following output:
Change Dir: /home/anreydron/CLionProjects/prj/nlopt-2.7.1/bin/CMakeFiles/CMakeTmp

Run Build Command(s):/usr/bin/make -f Makefile cmTC_ee686/fast && /usr/bin/make  -f CMakeFiles/cmTC_ee686.dir/build.make CMakeFiles/cmTC_ee686.dir/build
make[1]: Entering directory '/home/anreydron/CLionProjects/prj/nlopt-2.7.1/bin/CMakeFiles/CMakeTmp'
Building CXX object CMakeFiles/cmTC_ee686.dir/CheckSymbolExists.cxx.o
/usr/bin/c++    -o CMakeFiles/cmTC_ee686.dir/CheckSymbolExists.cxx.o -c /home/anreydron/CLionProjects/prj/nlopt-2.7.1/bin/CMakeFiles/CMakeTmp/CheckSymbolExists.cxx
Linking CXX executable cmTC_ee686
/usr/local/bin/cmake -E cmake_link_script CMakeFiles/cmTC_ee686.dir/link.txt --verbose=1
/usr/bin/c++ -rdynamic CMakeFiles/cmTC_ee686.dir/CheckSymbolExists.cxx.o -o cmTC_ee686 
make[1]: Leaving directory '/home/anreydron/CLionProjects/prj/nlopt-2.7.1/bin/CMakeFiles/CMakeTmp'


File /home/anreydron/CLionProjects/prj/nlopt-2.7.1/bin/CMakeFiles/CMakeTmp/CheckSymbolExists.cxx:
/* */
#include <ciso646>

int main(int argc, char** argv)
{
  (void)argv;
#ifndef __cplusplus
  return ((int*)(&__cplusplus))[argc];
#else
  (void)argc;
  return 0;
#endif
}
Performing C++ SOURCE FILE Test SUPPORTS_STDCXX11 succeeded with the following output:
Change Dir: /home/anreydron/CLionProjects/prj/nlopt-2.7.1/bin/CMakeFiles/CMakeTmp

Run Build Command(s):/usr/bin/make -f Makefile cmTC_29b4d/fast && /usr/bin/make  -f CMakeFiles/cmTC_29b4d.dir/build.make CMakeFiles/cmTC_29b4d.dir/build
make[1]: Entering directory '/home/anreydron/CLionProjects/prj/nlopt-2.7.1/bin/CMakeFiles/CMakeTmp'
Building CXX object CMakeFiles/cmTC_29b4d.dir/src.cxx.o
/usr/bin/c++ -DSUPPORTS_STDCXX11  -std=c++11 -o CMakeFiles/cmTC_29b4d.dir/src.cxx.o -c /home/anreydron/CLionProjects/prj/nlopt-2.7.1/bin/CMakeFiles/CMakeTmp/src.cxx
Linking CXX executable cmTC_29b4d
/usr/local/bin/cmake -E cmake_link_script CMakeFiles/cmTC_29b4d.dir/link.txt --verbose=1
/usr/bin/c++ -rdynamic CMakeFiles/cmTC_29b4d.dir/src.cxx.o -o cmTC_29b4d 
make[1]: Leaving directory '/home/anreydron/CLionProjects/prj/nlopt-2.7.1/bin/CMakeFiles/CMakeTmp'


Source file was:
int main() { return 0; }
